0 info it worked if it ends with ok
1 verbose cli [ 'C:\\Program Files\\nodejs\\node.exe',
1 verbose cli   'C:\\Program Files\\nodejs\\node_modules\\npm\\bin\\npm-cli.js',
1 verbose cli   'install' ]
2 info using npm@3.10.10
3 info using node@v6.11.2
4 silly loadCurrentTree Starting
5 silly install loadCurrentTree
6 silly install readLocalPackageData
7 silly install normalizeTree
8 silly loadCurrentTree Finishing
9 silly loadIdealTree Starting
10 silly install loadIdealTree
11 silly cloneCurrentTree Starting
12 silly install cloneCurrentTreeToIdealTree
13 silly cloneCurrentTree Finishing
14 silly loadShrinkwrap Starting
15 silly install loadShrinkwrap
16 silly loadShrinkwrap Finishing
17 silly loadAllDepsIntoIdealTree Starting
18 silly install loadAllDepsIntoIdealTree
19 silly fetchNamedPackageData grunt-ngmin
20 silly mapToRegistry name grunt-ngmin
21 silly mapToRegistry using default registry
22 silly mapToRegistry registry https://registry.npmjs.org/
23 silly mapToRegistry data Result {
23 silly mapToRegistry   raw: 'grunt-ngmin',
23 silly mapToRegistry   scope: null,
23 silly mapToRegistry   escapedName: 'grunt-ngmin',
23 silly mapToRegistry   name: 'grunt-ngmin',
23 silly mapToRegistry   rawSpec: '',
23 silly mapToRegistry   spec: 'latest',
23 silly mapToRegistry   type: 'tag' }
24 silly mapToRegistry uri https://registry.npmjs.org/grunt-ngmin
25 verbose request uri https://registry.npmjs.org/grunt-ngmin
26 verbose request no auth needed
27 info attempt registry request try #1 at 18:27:55
28 verbose request id eae512f42646095f
29 http request GET https://registry.npmjs.org/grunt-ngmin
30 http 200 https://registry.npmjs.org/grunt-ngmin
31 verbose headers { server: 'nginx/1.10.1',
31 verbose headers   'content-type': 'application/json',
31 verbose headers   'last-modified': 'Fri, 08 Aug 2014 19:50:14 GMT',
31 verbose headers   etag: 'W/"53e529f6-141b"',
31 verbose headers   'content-encoding': 'gzip',
31 verbose headers   'cache-control': 'max-age=300',
31 verbose headers   'content-length': '1610',
31 verbose headers   'accept-ranges': 'bytes',
31 verbose headers   date: 'Sat, 19 Aug 2017 22:27:51 GMT',
31 verbose headers   via: '1.1 varnish',
31 verbose headers   age: '0',
31 verbose headers   connection: 'keep-alive',
31 verbose headers   'x-served-by': 'cache-jfk8129-JFK',
31 verbose headers   'x-cache': 'MISS',
31 verbose headers   'x-cache-hits': '0',
31 verbose headers   'x-timer': 'S1503181672.898660,VS0,VE8',
31 verbose headers   vary: 'Accept-Encoding, Accept' }
32 silly get cb [ 200,
32 silly get   { server: 'nginx/1.10.1',
32 silly get     'content-type': 'application/json',
32 silly get     'last-modified': 'Fri, 08 Aug 2014 19:50:14 GMT',
32 silly get     etag: 'W/"53e529f6-141b"',
32 silly get     'content-encoding': 'gzip',
32 silly get     'cache-control': 'max-age=300',
32 silly get     'content-length': '1610',
32 silly get     'accept-ranges': 'bytes',
32 silly get     date: 'Sat, 19 Aug 2017 22:27:51 GMT',
32 silly get     via: '1.1 varnish',
32 silly get     age: '0',
32 silly get     connection: 'keep-alive',
32 silly get     'x-served-by': 'cache-jfk8129-JFK',
32 silly get     'x-cache': 'MISS',
32 silly get     'x-cache-hits': '0',
32 silly get     'x-timer': 'S1503181672.898660,VS0,VE8',
32 silly get     vary: 'Accept-Encoding, Accept' } ]
33 verbose get saving grunt-ngmin to C:\Users\HSD\AppData\Roaming\npm-cache\registry.npmjs.org\grunt-ngmin\.cache.json
34 verbose correctMkdir C:\Users\HSD\AppData\Roaming\npm-cache correctMkdir not in flight; initializing
35 silly resolveWithNewModule grunt-ngmin@0.0.2 checking installable status
36 silly cache add args [ 'grunt-ngmin@0.0.2', null ]
37 verbose cache add spec grunt-ngmin@0.0.2
38 silly cache add parsed spec Result {
38 silly cache add   raw: 'grunt-ngmin@0.0.2',
38 silly cache add   scope: null,
38 silly cache add   escapedName: 'grunt-ngmin',
38 silly cache add   name: 'grunt-ngmin',
38 silly cache add   rawSpec: '0.0.2',
38 silly cache add   spec: '0.0.2',
38 silly cache add   type: 'version' }
39 silly addNamed grunt-ngmin@0.0.2
40 verbose addNamed "0.0.2" is a plain semver version for grunt-ngmin
41 silly mapToRegistry name grunt-ngmin
42 silly mapToRegistry using default registry
43 silly mapToRegistry registry https://registry.npmjs.org/
44 silly mapToRegistry data Result {
44 silly mapToRegistry   raw: 'grunt-ngmin',
44 silly mapToRegistry   scope: null,
44 silly mapToRegistry   escapedName: 'grunt-ngmin',
44 silly mapToRegistry   name: 'grunt-ngmin',
44 silly mapToRegistry   rawSpec: '',
44 silly mapToRegistry   spec: 'latest',
44 silly mapToRegistry   type: 'tag' }
45 silly mapToRegistry uri https://registry.npmjs.org/grunt-ngmin
46 verbose addNameVersion registry:https://registry.npmjs.org/grunt-ngmin not in flight; fetching
47 verbose get https://registry.npmjs.org/grunt-ngmin not expired, no request
48 warn deprecated grunt-ngmin@0.0.2: use grunt-ng-annotate instead
49 silly mapToRegistry name grunt-ngmin
50 silly mapToRegistry using default registry
51 silly mapToRegistry registry https://registry.npmjs.org/
52 silly mapToRegistry data Result {
52 silly mapToRegistry   raw: 'grunt-ngmin',
52 silly mapToRegistry   scope: null,
52 silly mapToRegistry   escapedName: 'grunt-ngmin',
52 silly mapToRegistry   name: 'grunt-ngmin',
52 silly mapToRegistry   rawSpec: '',
52 silly mapToRegistry   spec: 'latest',
52 silly mapToRegistry   type: 'tag' }
53 silly mapToRegistry uri https://registry.npmjs.org/grunt-ngmin
54 verbose addRemoteTarball https://registry.npmjs.org/grunt-ngmin/-/grunt-ngmin-0.0.2.tgz not in flight; adding
55 verbose addRemoteTarball [ 'https://registry.npmjs.org/grunt-ngmin/-/grunt-ngmin-0.0.2.tgz',
55 verbose addRemoteTarball   'fc709c27f73e2f9e472cc305c7e9107dd320b68d' ]
56 info retry fetch attempt 1 at 18:27:56
57 info attempt registry request try #1 at 18:27:56
58 http fetch GET https://registry.npmjs.org/grunt-ngmin/-/grunt-ngmin-0.0.2.tgz
59 http fetch 200 https://registry.npmjs.org/grunt-ngmin/-/grunt-ngmin-0.0.2.tgz
60 warn retry will retry, error on last attempt: Error: EBUSY: resource busy or locked, rename 'C:\Users\HSD\AppData\Local\Temp\npm-9676-c0854282\registry.npmjs.org\grunt-ngmin\-\grunt-ngmin-0.0.2.tgz.1125456219' -> 'C:\Users\HSD\AppData\Local\Temp\npm-9676-c0854282\registry.npmjs.org\grunt-ngmin\-\grunt-ngmin-0.0.2.tgz'
61 verbose stack TypeError: tarball.destroy is not a function
61 verbose stack     at WriteStreamAtomic.<anonymous> (C:\Program Files\nodejs\node_modules\npm\lib\cache\add-remote-tarball.js:97:15)
61 verbose stack     at emitOne (events.js:101:20)
61 verbose stack     at WriteStreamAtomic.emit (events.js:188:7)
61 verbose stack     at WriteStreamAtomic.emit (C:\Program Files\nodejs\node_modules\npm\node_modules\fs-write-stream-atomic\index.js:60:34)
61 verbose stack     at C:\Program Files\nodejs\node_modules\npm\node_modules\fs-write-stream-atomic\index.js:89:19
61 verbose stack     at FSReqWrap.oncomplete (fs.js:123:15)
62 verbose cwd C:\workspace_jee_oxy\basic-web-app\src\main\webapp\app
63 error Windows_NT 6.1.7601
64 error argv "C:\\Program Files\\nodejs\\node.exe" "C:\\Program Files\\nodejs\\node_modules\\npm\\bin\\npm-cli.js" "install"
65 error node v6.11.2
66 error npm  v3.10.10
67 error tarball.destroy is not a function
68 error If you need help, you may report this error at:
68 error     <https://github.com/npm/npm/issues>
69 verbose exit [ 1, true ]
